04-08-21 14:28:53 - Executando robocopy...

04-08-21 14:28:53 - 

04-08-21 14:28:53 - -
04-08-21 14:28:53 - -
04-08-21 14:28:53 - -
04-08-21 14:28:53 - -
04-08-21 14:28:53 - -
04-08-21 14:28:53 - -
04-08-21 14:28:53 - -
04-08-21 14:28:53 - -
04-08-21 14:28:53 - -
04-08-21 14:28:53 - -
04-08-21 14:28:53 - -
04-08-21 14:28:53 - -
04-08-21 14:28:53 - -
04-08-21 14:28:53 - -
04-08-21 14:28:53 - -
04-08-21 14:28:53 - -
04-08-21 14:28:53 - -
04-08-21 14:28:53 - -
04-08-21 14:28:53 - -
04-08-21 14:28:53 - -
04-08-21 14:28:53 - -
04-08-21 14:28:53 - -
04-08-21 14:28:53 - -
04-08-21 14:28:53 - -
04-08-21 14:28:53 - -
04-08-21 14:28:53 - -
04-08-21 14:28:53 - -
04-08-21 14:28:53 - -
04-08-21 14:28:53 - -
04-08-21 14:28:53 - -
04-08-21 14:28:53 - -
04-08-21 14:28:53 - -
04-08-21 14:28:53 - -
04-08-21 14:28:53 - -
04-08-21 14:28:53 - -
04-08-21 14:28:53 - -
04-08-21 14:28:53 - -
04-08-21 14:28:53 - -
04-08-21 14:28:53 - -
04-08-21 14:28:53 - -
04-08-21 14:28:53 - -
04-08-21 14:28:53 - -
04-08-21 14:28:53 - -
04-08-21 14:28:53 - -
04-08-21 14:28:53 - -
04-08-21 14:28:53 - -
04-08-21 14:28:53 - -
04-08-21 14:28:53 - -
04-08-21 14:28:53 - -
04-08-21 14:28:53 - -
04-08-21 14:28:53 - -
04-08-21 14:28:53 - -
04-08-21 14:28:53 - -
04-08-21 14:28:53 - -
04-08-21 14:28:53 - -
04-08-21 14:28:53 - -
04-08-21 14:28:53 - -
04-08-21 14:28:53 - -
04-08-21 14:28:53 - -
04-08-21 14:28:53 - -
04-08-21 14:28:53 - -
04-08-21 14:28:53 - -
04-08-21 14:28:53 - -
04-08-21 14:28:53 - -
04-08-21 14:28:53 - -
04-08-21 14:28:53 - -
04-08-21 14:28:53 - -
04-08-21 14:28:53 - -
04-08-21 14:28:53 - -
04-08-21 14:28:53 - -
04-08-21 14:28:53 - -
04-08-21 14:28:53 - -
04-08-21 14:28:53 - -
04-08-21 14:28:53 - -
04-08-21 14:28:53 - -
04-08-21 14:28:53 - -
04-08-21 14:28:53 - -
04-08-21 14:28:53 - -
04-08-21 14:28:53 - -
04-08-21 14:28:53 - 

04-08-21 14:28:53 -  
04-08-21 14:28:53 -  
04-08-21 14:28:53 -  
04-08-21 14:28:53 - R
04-08-21 14:28:53 - O
04-08-21 14:28:53 - B
04-08-21 14:28:53 - O
04-08-21 14:28:53 - C
04-08-21 14:28:53 - O
04-08-21 14:28:53 - P
04-08-21 14:28:53 - Y
04-08-21 14:28:53 -  
04-08-21 14:28:53 -  
04-08-21 14:28:53 -  
04-08-21 14:28:53 -  
04-08-21 14:28:53 -  
04-08-21 14:28:53 - :
04-08-21 14:28:53 - :
04-08-21 14:28:53 -  
04-08-21 14:28:53 -  
04-08-21 14:28:53 -  
04-08-21 14:28:53 -  
04-08-21 14:28:53 -  
04-08-21 14:28:53 - R
04-08-21 14:28:53 - o
04-08-21 14:28:53 - b
04-08-21 14:28:53 - u
04-08-21 14:28:53 - s
04-08-21 14:28:53 - t
04-08-21 14:28:53 -  
04-08-21 14:28:53 - F
04-08-21 14:28:53 - i
04-08-21 14:28:53 - l
04-08-21 14:28:53 - e
04-08-21 14:28:53 -  
04-08-21 14:28:53 - C
04-08-21 14:28:53 - o
04-08-21 14:28:53 - p
04-08-21 14:28:53 - y
04-08-21 14:28:53 -  
04-08-21 14:28:53 - p
04-08-21 14:28:53 - a
04-08-21 14:28:53 - r
04-08-21 14:28:53 - a
04-08-21 14:28:53 -  
04-08-21 14:28:53 - W
04-08-21 14:28:53 - i
04-08-21 14:28:53 - n
04-08-21 14:28:53 - d
04-08-21 14:28:53 - o
04-08-21 14:28:53 - w
04-08-21 14:28:53 - s
04-08-21 14:28:53 -  
04-08-21 14:28:53 -  
04-08-21 14:28:53 -  
04-08-21 14:28:53 -  
04-08-21 14:28:53 -  
04-08-21 14:28:53 -  
04-08-21 14:28:53 -  
04-08-21 14:28:53 -  
04-08-21 14:28:53 -  
04-08-21 14:28:53 -  
04-08-21 14:28:53 -  
04-08-21 14:28:53 -  
04-08-21 14:28:53 -  
04-08-21 14:28:53 -  
04-08-21 14:28:53 -  
04-08-21 14:28:53 -  
04-08-21 14:28:53 -  
04-08-21 14:28:53 -  
04-08-21 14:28:53 -  
04-08-21 14:28:53 -  
04-08-21 14:28:53 -  
04-08-21 14:28:53 -  
04-08-21 14:28:53 -  
04-08-21 14:28:53 -  
04-08-21 14:28:53 -  
04-08-21 14:28:53 -  
04-08-21 14:28:53 -  
04-08-21 14:28:53 -  
04-08-21 14:28:53 -  
04-08-21 14:28:53 -  
04-08-21 14:28:53 - 

04-08-21 14:28:53 - -
04-08-21 14:28:53 - -
04-08-21 14:28:53 - -
04-08-21 14:28:53 - -
04-08-21 14:28:53 - -
04-08-21 14:28:53 - -
04-08-21 14:28:53 - -
04-08-21 14:28:53 - -
04-08-21 14:28:53 - -
04-08-21 14:28:53 - -
04-08-21 14:28:53 - -
04-08-21 14:28:53 - -
04-08-21 14:28:53 - -
04-08-21 14:28:53 - -
04-08-21 14:28:53 - -
04-08-21 14:28:53 - -
04-08-21 14:28:53 - -
04-08-21 14:28:53 - -
04-08-21 14:28:53 - -
04-08-21 14:28:53 - -
04-08-21 14:28:53 - -
04-08-21 14:28:53 - -
04-08-21 14:28:53 - -
04-08-21 14:28:53 - -
04-08-21 14:28:53 - -
04-08-21 14:28:53 - -
04-08-21 14:28:53 - -
04-08-21 14:28:53 - -
04-08-21 14:28:53 - -
04-08-21 14:28:53 - -
04-08-21 14:28:53 - -
04-08-21 14:28:53 - -
04-08-21 14:28:53 - -
04-08-21 14:28:53 - -
04-08-21 14:28:53 - -
04-08-21 14:28:53 - -
04-08-21 14:28:53 - -
04-08-21 14:28:53 - -
04-08-21 14:28:53 - -
04-08-21 14:28:53 - -
04-08-21 14:28:53 - -
04-08-21 14:28:53 - -
04-08-21 14:28:53 - -
04-08-21 14:28:53 - -
04-08-21 14:28:53 - -
04-08-21 14:28:53 - -
04-08-21 14:28:53 - -
04-08-21 14:28:53 - -
04-08-21 14:28:53 - -
04-08-21 14:28:53 - -
04-08-21 14:28:53 - -
04-08-21 14:28:53 - -
04-08-21 14:28:53 - -
04-08-21 14:28:53 - -
04-08-21 14:28:53 - -
04-08-21 14:28:53 - -
04-08-21 14:28:53 - -
04-08-21 14:28:53 - -
04-08-21 14:28:53 - -
04-08-21 14:28:53 - -
04-08-21 14:28:53 - -
04-08-21 14:28:53 - -
04-08-21 14:28:53 - -
04-08-21 14:28:53 - -
04-08-21 14:28:53 - -
04-08-21 14:28:53 - -
04-08-21 14:28:53 - -
04-08-21 14:28:53 - -
04-08-21 14:28:53 - -
04-08-21 14:28:53 - -
04-08-21 14:28:53 - -
04-08-21 14:28:53 - -
04-08-21 14:28:53 - -
04-08-21 14:28:53 - -
04-08-21 14:28:53 - -
04-08-21 14:28:53 - -
04-08-21 14:28:53 - -
04-08-21 14:28:53 - -
04-08-21 14:28:53 - -
04-08-21 14:28:53 - 

04-08-21 14:28:53 - 

04-08-21 14:28:53 -  
04-08-21 14:28:53 -  
04-08-21 14:28:53 - I
04-08-21 14:28:53 - n
04-08-21 14:28:53 - i
04-08-21 14:28:53 - c
04-08-21 14:28:53 - i
04-08-21 14:28:53 - a
04-08-21 14:28:53 - d
04-08-21 14:28:53 - o
04-08-21 14:28:53 - :
04-08-21 14:28:53 -  
04-08-21 14:28:53 - q
04-08-21 14:28:53 - u
04-08-21 14:28:53 - a
04-08-21 14:28:53 - r
04-08-21 14:28:53 - t
04-08-21 14:28:53 - a
04-08-21 14:28:53 - -
04-08-21 14:28:53 - f
04-08-21 14:28:53 - e
04-08-21 14:28:53 - i
04-08-21 14:28:53 - r
04-08-21 14:28:53 - a
04-08-21 14:28:53 - ,
04-08-21 14:28:53 -  
04-08-21 14:28:53 - 4
04-08-21 14:28:53 -  
04-08-21 14:28:53 - d
04-08-21 14:28:53 - e
04-08-21 14:28:53 -  
04-08-21 14:28:53 - a
04-08-21 14:28:53 - g
04-08-21 14:28:53 - o
04-08-21 14:28:53 - s
04-08-21 14:28:53 - t
04-08-21 14:28:53 - o
04-08-21 14:28:53 -  
04-08-21 14:28:53 - d
04-08-21 14:28:53 - e
04-08-21 14:28:53 -  
04-08-21 14:28:53 - 2
04-08-21 14:28:53 - 0
04-08-21 14:28:53 - 2
04-08-21 14:28:53 - 1
04-08-21 14:28:53 -  
04-08-21 14:28:53 - 1
04-08-21 14:28:53 - 4
04-08-21 14:28:53 - :
04-08-21 14:28:53 - 2
04-08-21 14:28:53 - 8
04-08-21 14:28:53 - :
04-08-21 14:28:53 - 5
04-08-21 14:28:53 - 3
04-08-21 14:28:53 - 

04-08-21 14:28:53 -  
04-08-21 14:28:53 -  
04-08-21 14:28:53 -  
04-08-21 14:28:53 - O
04-08-21 14:28:53 - r
04-08-21 14:28:53 - i
04-08-21 14:28:53 - g
04-08-21 14:28:53 - e
04-08-21 14:28:53 - m
04-08-21 14:28:53 -  
04-08-21 14:28:53 - :
04-08-21 14:28:53 -  
04-08-21 14:28:53 - C
04-08-21 14:28:53 - :
04-08-21 14:28:53 - \
04-08-21 14:28:53 - A
04-08-21 14:28:53 - \
04-08-21 14:28:53 - 

04-08-21 14:28:53 -  
04-08-21 14:28:53 -  
04-08-21 14:28:53 -  
04-08-21 14:28:53 -  
04-08-21 14:28:53 -  
04-08-21 14:28:53 - D
04-08-21 14:28:53 - e
04-08-21 14:28:53 - s
04-08-21 14:28:53 - t
04-08-21 14:28:53 -  
04-08-21 14:28:53 - :
04-08-21 14:28:53 -  
04-08-21 14:28:53 - C
04-08-21 14:28:53 - :
04-08-21 14:28:53 - \
04-08-21 14:28:53 - z
04-08-21 14:28:53 - \
04-08-21 14:28:53 - 

04-08-21 14:28:53 - 

04-08-21 14:28:53 -  
04-08-21 14:28:53 -  
04-08-21 14:28:53 -  
04-08-21 14:28:53 -  
04-08-21 14:28:53 - A
04-08-21 14:28:53 - r
04-08-21 14:28:53 - q
04-08-21 14:28:53 - u
04-08-21 14:28:53 - i
04-08-21 14:28:53 - v
04-08-21 14:28:53 - o
04-08-21 14:28:53 - s
04-08-21 14:28:53 - :
04-08-21 14:28:53 -  
04-08-21 14:28:53 - *
04-08-21 14:28:53 - .
04-08-21 14:28:53 - *
04-08-21 14:28:53 - 

04-08-21 14:28:53 - 	
04-08-21 14:28:53 -  
04-08-21 14:28:53 -  
04-08-21 14:28:53 -  
04-08-21 14:28:53 -  
04-08-21 14:28:53 - 

04-08-21 14:28:53 -  
04-08-21 14:28:53 -  
04-08-21 14:28:53 - O
04-08-21 14:28:53 - p
04-08-21 14:28:53 - ‡
04-08-21 14:28:53 - ä
04-08-21 14:28:53 - e
04-08-21 14:28:53 - s
04-08-21 14:28:53 - :
04-08-21 14:28:53 -  
04-08-21 14:28:53 - *
04-08-21 14:28:53 - .
04-08-21 14:28:53 - *
04-08-21 14:28:53 -  
04-08-21 14:28:53 - /
04-08-21 14:28:53 - S
04-08-21 14:28:53 -  
04-08-21 14:28:53 - /
04-08-21 14:28:53 - E
04-08-21 14:28:53 -  
04-08-21 14:28:53 - /
04-08-21 14:28:53 - D
04-08-21 14:28:53 - C
04-08-21 14:28:53 - O
04-08-21 14:28:53 - P
04-08-21 14:28:53 - Y
04-08-21 14:28:53 - :
04-08-21 14:28:53 - D
04-08-21 14:28:53 - A
04-08-21 14:28:53 -  
04-08-21 14:28:53 - /
04-08-21 14:28:53 - C
04-08-21 14:28:53 - O
04-08-21 14:28:53 - P
04-08-21 14:28:53 - Y
04-08-21 14:28:53 - :
04-08-21 14:28:53 - D
04-08-21 14:28:53 - A
04-08-21 14:28:53 - T
04-08-21 14:28:53 -  
04-08-21 14:28:53 - /
04-08-21 14:28:53 - P
04-08-21 14:28:53 - U
04-08-21 14:28:53 - R
04-08-21 14:28:53 - G
04-08-21 14:28:53 - E
04-08-21 14:28:53 -  
04-08-21 14:28:53 - /
04-08-21 14:28:53 - M
04-08-21 14:28:53 - I
04-08-21 14:28:53 - R
04-08-21 14:28:53 -  
04-08-21 14:28:53 - /
04-08-21 14:28:53 - R
04-08-21 14:28:53 - :
04-08-21 14:28:53 - 1
04-08-21 14:28:53 - 0
04-08-21 14:28:53 - 0
04-08-21 14:28:53 - 0
04-08-21 14:28:53 - 0
04-08-21 14:28:53 - 0
04-08-21 14:28:53 - 0
04-08-21 14:28:53 -  
04-08-21 14:28:53 - /
04-08-21 14:28:53 - W
04-08-21 14:28:53 - :
04-08-21 14:28:53 - 3
04-08-21 14:28:53 - 0
04-08-21 14:28:53 -  
04-08-21 14:28:53 - 

04-08-21 14:28:53 - 

04-08-21 14:28:53 - -
04-08-21 14:28:53 - -
04-08-21 14:28:53 - -
04-08-21 14:28:53 - -
04-08-21 14:28:53 - -
04-08-21 14:28:53 - -
04-08-21 14:28:53 - -
04-08-21 14:28:53 - -
04-08-21 14:28:53 - -
04-08-21 14:28:53 - -
04-08-21 14:28:53 - -
04-08-21 14:28:53 - -
04-08-21 14:28:53 - -
04-08-21 14:28:53 - -
04-08-21 14:28:53 - -
04-08-21 14:28:53 - -
04-08-21 14:28:53 - -
04-08-21 14:28:53 - -
04-08-21 14:28:53 - -
04-08-21 14:28:53 - -
04-08-21 14:28:53 - -
04-08-21 14:28:53 - -
04-08-21 14:28:53 - -
04-08-21 14:28:53 - -
04-08-21 14:28:53 - -
04-08-21 14:28:53 - -
04-08-21 14:28:53 - -
04-08-21 14:28:53 - -
04-08-21 14:28:53 - -
04-08-21 14:28:53 - -
04-08-21 14:28:53 - -
04-08-21 14:28:53 - -
04-08-21 14:28:53 - -
04-08-21 14:28:53 - -
04-08-21 14:28:53 - -
04-08-21 14:28:53 - -
04-08-21 14:28:53 - -
04-08-21 14:28:53 - -
04-08-21 14:28:53 - -
04-08-21 14:28:53 - -
04-08-21 14:28:53 - -
04-08-21 14:28:53 - -
04-08-21 14:28:53 - -
04-08-21 14:28:53 - -
04-08-21 14:28:53 - -
04-08-21 14:28:53 - -
04-08-21 14:28:53 - -
04-08-21 14:28:53 - -
04-08-21 14:28:53 - -
04-08-21 14:28:53 - -
04-08-21 14:28:53 - -
04-08-21 14:28:53 - -
04-08-21 14:28:53 - -
04-08-21 14:28:53 - -
04-08-21 14:28:53 - -
04-08-21 14:28:53 - -
04-08-21 14:28:53 - -
04-08-21 14:28:53 - -
04-08-21 14:28:53 - -
04-08-21 14:28:53 - -
04-08-21 14:28:53 - -
04-08-21 14:28:53 - -
04-08-21 14:28:53 - -
04-08-21 14:28:53 - -
04-08-21 14:28:53 - -
04-08-21 14:28:53 - -
04-08-21 14:28:53 - -
04-08-21 14:28:53 - -
04-08-21 14:28:53 - -
04-08-21 14:28:53 - -
04-08-21 14:28:53 - -
04-08-21 14:28:53 - -
04-08-21 14:28:53 - -
04-08-21 14:28:53 - -
04-08-21 14:28:53 - -
04-08-21 14:28:53 - -
04-08-21 14:28:53 - -
04-08-21 14:28:53 - -
04-08-21 14:28:53 - 

04-08-21 14:28:53 - 

04-08-21 14:28:53 - 	
04-08-21 14:28:53 -  
04-08-21 14:28:53 -  
04-08-21 14:28:53 -  
04-08-21 14:28:53 -  
04-08-21 14:28:53 -  
04-08-21 14:28:53 -  
04-08-21 14:28:53 -  
04-08-21 14:28:53 -  
04-08-21 14:28:53 -  
04-08-21 14:28:53 -  
04-08-21 14:28:53 -  
04-08-21 14:28:53 -  
04-08-21 14:28:53 -  
04-08-21 14:28:53 -  
04-08-21 14:28:53 -  
04-08-21 14:28:53 -  
04-08-21 14:28:53 -  
04-08-21 14:28:53 -  
04-08-21 14:28:53 -  
04-08-21 14:28:53 - 6
04-08-21 14:28:53 - 	
04-08-21 14:28:53 - C
04-08-21 14:28:53 - :
04-08-21 14:28:53 - \
04-08-21 14:28:53 - A
04-08-21 14:28:53 - \
04-08-21 14:28:53 - 

04-08-21 14:28:53 - 

04-08-21 14:28:53 - -
04-08-21 14:28:53 - -
04-08-21 14:28:53 - -
04-08-21 14:28:53 - -
04-08-21 14:28:53 - -
04-08-21 14:28:53 - -
04-08-21 14:28:53 - -
04-08-21 14:28:53 - -
04-08-21 14:28:53 - -
04-08-21 14:28:53 - -
04-08-21 14:28:53 - -
04-08-21 14:28:53 - -
04-08-21 14:28:53 - -
04-08-21 14:28:53 - -
04-08-21 14:28:53 - -
04-08-21 14:28:53 - -
04-08-21 14:28:53 - -
04-08-21 14:28:53 - -
04-08-21 14:28:53 - -
04-08-21 14:28:53 - -
04-08-21 14:28:53 - -
04-08-21 14:28:53 - -
04-08-21 14:28:53 - -
04-08-21 14:28:53 - -
04-08-21 14:28:53 - -
04-08-21 14:28:53 - -
04-08-21 14:28:53 - -
04-08-21 14:28:53 - -
04-08-21 14:28:53 - -
04-08-21 14:28:53 - -
04-08-21 14:28:53 - -
04-08-21 14:28:53 - -
04-08-21 14:28:53 - -
04-08-21 14:28:53 - -
04-08-21 14:28:53 - -
04-08-21 14:28:53 - -
04-08-21 14:28:53 - -
04-08-21 14:28:53 - -
04-08-21 14:28:53 - -
04-08-21 14:28:53 - -
04-08-21 14:28:53 - -
04-08-21 14:28:53 - -
04-08-21 14:28:53 - -
04-08-21 14:28:53 - -
04-08-21 14:28:53 - -
04-08-21 14:28:53 - -
04-08-21 14:28:53 - -
04-08-21 14:28:53 - -
04-08-21 14:28:53 - -
04-08-21 14:28:53 - -
04-08-21 14:28:53 - -
04-08-21 14:28:53 - -
04-08-21 14:28:53 - -
04-08-21 14:28:53 - -
04-08-21 14:28:53 - -
04-08-21 14:28:53 - -
04-08-21 14:28:53 - -
04-08-21 14:28:53 - -
04-08-21 14:28:53 - -
04-08-21 14:28:53 - -
04-08-21 14:28:53 - -
04-08-21 14:28:53 - -
04-08-21 14:28:53 - -
04-08-21 14:28:53 - -
04-08-21 14:28:53 - -
04-08-21 14:28:53 - -
04-08-21 14:28:53 - -
04-08-21 14:28:53 - -
04-08-21 14:28:53 - -
04-08-21 14:28:53 - -
04-08-21 14:28:53 - -
04-08-21 14:28:53 - -
04-08-21 14:28:53 - -
04-08-21 14:28:53 - -
04-08-21 14:28:53 - -
04-08-21 14:28:53 - -
04-08-21 14:28:53 - -
04-08-21 14:28:53 - -
04-08-21 14:28:53 - 

04-08-21 14:28:53 - 

04-08-21 14:28:53 -  
04-08-21 14:28:53 -  
04-08-21 14:28:53 -  
04-08-21 14:28:53 -  
04-08-21 14:28:53 -  
04-08-21 14:28:53 -  
04-08-21 14:28:53 -  
04-08-21 14:28:53 -  
04-08-21 14:28:53 -  
04-08-21 14:28:53 -  
04-08-21 14:28:53 -  
04-08-21 14:28:53 -  
04-08-21 14:28:53 -  
04-08-21 14:28:53 -  
04-08-21 14:28:53 -  
04-08-21 14:28:53 - T
04-08-21 14:28:53 - o
04-08-21 14:28:53 - t
04-08-21 14:28:53 - a
04-08-21 14:28:53 - l
04-08-21 14:28:53 -  
04-08-21 14:28:53 -  
04-08-21 14:28:53 -  
04-08-21 14:28:53 - C
04-08-21 14:28:53 - o
04-08-21 14:28:53 - p
04-08-21 14:28:53 - i
04-08-21 14:28:53 - a
04-08-21 14:28:53 - d
04-08-21 14:28:53 - a
04-08-21 14:28:53 -  
04-08-21 14:28:53 -  
04-08-21 14:28:53 - I
04-08-21 14:28:53 - g
04-08-21 14:28:53 - n
04-08-21 14:28:53 - o
04-08-21 14:28:53 - r
04-08-21 14:28:53 - a
04-08-21 14:28:53 - d
04-08-21 14:28:53 - a
04-08-21 14:28:53 - I
04-08-21 14:28:53 - n
04-08-21 14:28:53 - c
04-08-21 14:28:53 - o
04-08-21 14:28:53 - m
04-08-21 14:28:53 - p
04-08-21 14:28:53 - a
04-08-21 14:28:53 - t
04-08-21 14:28:53 - i
04-08-21 14:28:53 - b
04-08-21 14:28:53 - i
04-08-21 14:28:53 - l
04-08-21 14:28:53 - i
04-08-21 14:28:53 - d
04-08-21 14:28:53 - a
04-08-21 14:28:53 - d
04-08-21 14:28:53 - e
04-08-21 14:28:53 -  
04-08-21 14:28:53 -  
04-08-21 14:28:53 -  
04-08-21 14:28:53 -  
04-08-21 14:28:53 -  
04-08-21 14:28:53 - F
04-08-21 14:28:53 - A
04-08-21 14:28:53 - L
04-08-21 14:28:53 - H
04-08-21 14:28:53 - A
04-08-21 14:28:53 -  
04-08-21 14:28:53 -  
04-08-21 14:28:53 -  
04-08-21 14:28:53 -  
04-08-21 14:28:53 - E
04-08-21 14:28:53 - x
04-08-21 14:28:53 - t
04-08-21 14:28:53 - r
04-08-21 14:28:53 - a
04-08-21 14:28:53 - s
04-08-21 14:28:53 - 

04-08-21 14:28:53 - D
04-08-21 14:28:53 - i
04-08-21 14:28:53 - r
04-08-21 14:28:53 - e
04-08-21 14:28:53 - t
04-08-21 14:28:53 - ¢
04-08-21 14:28:53 - r
04-08-21 14:28:53 - i
04-08-21 14:28:53 - o
04-08-21 14:28:53 - s
04-08-21 14:28:53 - :
04-08-21 14:28:53 -  
04-08-21 14:28:53 -  
04-08-21 14:28:53 -  
04-08-21 14:28:53 -  
04-08-21 14:28:53 -  
04-08-21 14:28:53 -  
04-08-21 14:28:53 -  
04-08-21 14:28:53 -  
04-08-21 14:28:53 -  
04-08-21 14:28:53 - 1
04-08-21 14:28:53 -  
04-08-21 14:28:53 -  
04-08-21 14:28:53 -  
04-08-21 14:28:53 -  
04-08-21 14:28:53 -  
04-08-21 14:28:53 -  
04-08-21 14:28:53 -  
04-08-21 14:28:53 -  
04-08-21 14:28:53 -  
04-08-21 14:28:53 - 0
04-08-21 14:28:53 -  
04-08-21 14:28:53 -  
04-08-21 14:28:53 -  
04-08-21 14:28:53 -  
04-08-21 14:28:53 -  
04-08-21 14:28:53 -  
04-08-21 14:28:53 -  
04-08-21 14:28:53 -  
04-08-21 14:28:53 -  
04-08-21 14:28:53 - 1
04-08-21 14:28:53 -  
04-08-21 14:28:53 -  
04-08-21 14:28:53 -  
04-08-21 14:28:53 -  
04-08-21 14:28:53 -  
04-08-21 14:28:53 -  
04-08-21 14:28:53 -  
04-08-21 14:28:53 -  
04-08-21 14:28:53 -  
04-08-21 14:28:53 - 0
04-08-21 14:28:53 -  
04-08-21 14:28:53 -  
04-08-21 14:28:53 -  
04-08-21 14:28:53 -  
04-08-21 14:28:53 -  
04-08-21 14:28:53 -  
04-08-21 14:28:53 -  
04-08-21 14:28:53 -  
04-08-21 14:28:53 -  
04-08-21 14:28:53 - 0
04-08-21 14:28:53 -  
04-08-21 14:28:53 -  
04-08-21 14:28:53 -  
04-08-21 14:28:53 -  
04-08-21 14:28:53 -  
04-08-21 14:28:53 -  
04-08-21 14:28:53 -  
04-08-21 14:28:53 -  
04-08-21 14:28:53 -  
04-08-21 14:28:53 - 0
04-08-21 14:28:53 - 

04-08-21 14:28:53 -  
04-08-21 14:28:53 - A
04-08-21 14:28:53 - r
04-08-21 14:28:53 - q
04-08-21 14:28:53 - u
04-08-21 14:28:53 - i
04-08-21 14:28:53 - v
04-08-21 14:28:53 - o
04-08-21 14:28:53 - s
04-08-21 14:28:53 - :
04-08-21 14:28:53 -  
04-08-21 14:28:53 -  
04-08-21 14:28:53 -  
04-08-21 14:28:53 -  
04-08-21 14:28:53 -  
04-08-21 14:28:53 -  
04-08-21 14:28:53 -  
04-08-21 14:28:53 -  
04-08-21 14:28:53 -  
04-08-21 14:28:53 - 6
04-08-21 14:28:53 -  
04-08-21 14:28:53 -  
04-08-21 14:28:53 -  
04-08-21 14:28:53 -  
04-08-21 14:28:53 -  
04-08-21 14:28:53 -  
04-08-21 14:28:53 -  
04-08-21 14:28:53 -  
04-08-21 14:28:53 -  
04-08-21 14:28:53 - 0
04-08-21 14:28:53 -  
04-08-21 14:28:53 -  
04-08-21 14:28:53 -  
04-08-21 14:28:53 -  
04-08-21 14:28:53 -  
04-08-21 14:28:53 -  
04-08-21 14:28:53 -  
04-08-21 14:28:53 -  
04-08-21 14:28:53 -  
04-08-21 14:28:53 - 6
04-08-21 14:28:53 -  
04-08-21 14:28:53 -  
04-08-21 14:28:53 -  
04-08-21 14:28:53 -  
04-08-21 14:28:53 -  
04-08-21 14:28:53 -  
04-08-21 14:28:53 -  
04-08-21 14:28:53 -  
04-08-21 14:28:53 -  
04-08-21 14:28:53 - 0
04-08-21 14:28:53 -  
04-08-21 14:28:53 -  
04-08-21 14:28:53 -  
04-08-21 14:28:53 -  
04-08-21 14:28:53 -  
04-08-21 14:28:53 -  
04-08-21 14:28:53 -  
04-08-21 14:28:53 -  
04-08-21 14:28:53 -  
04-08-21 14:28:53 - 0
04-08-21 14:28:53 -  
04-08-21 14:28:53 -  
04-08-21 14:28:53 -  
04-08-21 14:28:53 -  
04-08-21 14:28:53 -  
04-08-21 14:28:53 -  
04-08-21 14:28:53 -  
04-08-21 14:28:53 -  
04-08-21 14:28:53 -  
04-08-21 14:28:53 - 0
04-08-21 14:28:53 - 

04-08-21 14:28:53 -  
04-08-21 14:28:53 -  
04-08-21 14:28:53 -  
04-08-21 14:28:53 -  
04-08-21 14:28:53 - B
04-08-21 14:28:53 - y
04-08-21 14:28:53 - t
04-08-21 14:28:53 - e
04-08-21 14:28:53 - s
04-08-21 14:28:53 - :
04-08-21 14:28:53 -  
04-08-21 14:28:53 -  
04-08-21 14:28:53 -  
04-08-21 14:28:53 -  
04-08-21 14:28:53 -  
04-08-21 14:28:53 -  
04-08-21 14:28:53 -  
04-08-21 14:28:53 -  
04-08-21 14:28:53 -  
04-08-21 14:28:53 - 0
04-08-21 14:28:53 -  
04-08-21 14:28:53 -  
04-08-21 14:28:53 -  
04-08-21 14:28:53 -  
04-08-21 14:28:53 -  
04-08-21 14:28:53 -  
04-08-21 14:28:53 -  
04-08-21 14:28:53 -  
04-08-21 14:28:53 -  
04-08-21 14:28:53 - 0
04-08-21 14:28:53 -  
04-08-21 14:28:53 -  
04-08-21 14:28:53 -  
04-08-21 14:28:53 -  
04-08-21 14:28:53 -  
04-08-21 14:28:53 -  
04-08-21 14:28:53 -  
04-08-21 14:28:53 -  
04-08-21 14:28:53 -  
04-08-21 14:28:53 - 0
04-08-21 14:28:53 -  
04-08-21 14:28:53 -  
04-08-21 14:28:53 -  
04-08-21 14:28:53 -  
04-08-21 14:28:53 -  
04-08-21 14:28:53 -  
04-08-21 14:28:53 -  
04-08-21 14:28:53 -  
04-08-21 14:28:53 -  
04-08-21 14:28:53 - 0
04-08-21 14:28:53 -  
04-08-21 14:28:53 -  
04-08-21 14:28:53 -  
04-08-21 14:28:53 -  
04-08-21 14:28:53 -  
04-08-21 14:28:53 -  
04-08-21 14:28:53 -  
04-08-21 14:28:53 -  
04-08-21 14:28:53 -  
04-08-21 14:28:53 - 0
04-08-21 14:28:53 -  
04-08-21 14:28:53 -  
04-08-21 14:28:53 -  
04-08-21 14:28:53 -  
04-08-21 14:28:53 -  
04-08-21 14:28:53 -  
04-08-21 14:28:53 -  
04-08-21 14:28:53 -  
04-08-21 14:28:53 -  
04-08-21 14:28:53 - 0
04-08-21 14:28:53 - 

04-08-21 14:28:53 - N
04-08-21 14:28:53 - .
04-08-21 14:28:53 - §
04-08-21 14:28:53 -  
04-08-21 14:28:53 - d
04-08-21 14:28:53 - e
04-08-21 14:28:53 -  
04-08-21 14:28:53 - V
04-08-21 14:28:53 - e
04-08-21 14:28:53 - z
04-08-21 14:28:53 - e
04-08-21 14:28:53 - s
04-08-21 14:28:53 - :
04-08-21 14:28:53 -  
04-08-21 14:28:53 -  
04-08-21 14:28:53 -  
04-08-21 14:28:53 - 0
04-08-21 14:28:53 - :
04-08-21 14:28:53 - 0
04-08-21 14:28:53 - 0
04-08-21 14:28:53 - :
04-08-21 14:28:53 - 0
04-08-21 14:28:53 - 0
04-08-21 14:28:53 -  
04-08-21 14:28:53 -  
04-08-21 14:28:53 -  
04-08-21 14:28:53 - 0
04-08-21 14:28:53 - :
04-08-21 14:28:53 - 0
04-08-21 14:28:53 - 0
04-08-21 14:28:53 - :
04-08-21 14:28:53 - 0
04-08-21 14:28:53 - 0
04-08-21 14:28:53 -  
04-08-21 14:28:53 -  
04-08-21 14:28:53 -  
04-08-21 14:28:53 -  
04-08-21 14:28:53 -  
04-08-21 14:28:53 -  
04-08-21 14:28:53 -  
04-08-21 14:28:53 -  
04-08-21 14:28:53 -  
04-08-21 14:28:53 -  
04-08-21 14:28:53 -  
04-08-21 14:28:53 -  
04-08-21 14:28:53 -  
04-08-21 14:28:53 -  
04-08-21 14:28:53 -  
04-08-21 14:28:53 -  
04-08-21 14:28:53 -  
04-08-21 14:28:53 -  
04-08-21 14:28:53 -  
04-08-21 14:28:53 -  
04-08-21 14:28:53 -  
04-08-21 14:28:53 -  
04-08-21 14:28:53 -  
04-08-21 14:28:53 - 0
04-08-21 14:28:53 - :
04-08-21 14:28:53 - 0
04-08-21 14:28:53 - 0
04-08-21 14:28:53 - :
04-08-21 14:28:53 - 0
04-08-21 14:28:53 - 0
04-08-21 14:28:53 -  
04-08-21 14:28:53 -  
04-08-21 14:28:53 -  
04-08-21 14:28:53 - 0
04-08-21 14:28:53 - :
04-08-21 14:28:53 - 0
04-08-21 14:28:53 - 0
04-08-21 14:28:53 - :
04-08-21 14:28:53 - 0
04-08-21 14:28:53 - 0
04-08-21 14:28:53 - 

04-08-21 14:28:53 -  
04-08-21 14:28:53 -  
04-08-21 14:28:53 -  
04-08-21 14:28:53 - F
04-08-21 14:28:53 - i
04-08-21 14:28:53 - n
04-08-21 14:28:53 - a
04-08-21 14:28:53 - l
04-08-21 14:28:53 - i
04-08-21 14:28:53 - z
04-08-21 14:28:53 - a
04-08-21 14:28:53 - d
04-08-21 14:28:53 - o
04-08-21 14:28:53 -  
04-08-21 14:28:53 - e
04-08-21 14:28:53 - m
04-08-21 14:28:53 - :
04-08-21 14:28:53 -  
04-08-21 14:28:53 - q
04-08-21 14:28:53 - u
04-08-21 14:28:53 - a
04-08-21 14:28:53 - r
04-08-21 14:28:53 - t
04-08-21 14:28:53 - a
04-08-21 14:28:53 - -
04-08-21 14:28:53 - f
04-08-21 14:28:53 - e
04-08-21 14:28:53 - i
04-08-21 14:28:53 - r
04-08-21 14:28:53 - a
04-08-21 14:28:53 - ,
04-08-21 14:28:53 -  
04-08-21 14:28:53 - 4
04-08-21 14:28:53 -  
04-08-21 14:28:53 - d
04-08-21 14:28:53 - e
04-08-21 14:28:53 -  
04-08-21 14:28:53 - a
04-08-21 14:28:53 - g
04-08-21 14:28:53 - o
04-08-21 14:28:53 - s
04-08-21 14:28:53 - t
04-08-21 14:28:53 - o
04-08-21 14:28:53 -  
04-08-21 14:28:53 - d
04-08-21 14:28:53 - e
04-08-21 14:28:53 -  
04-08-21 14:28:53 - 2
04-08-21 14:28:53 - 0
04-08-21 14:28:53 - 2
04-08-21 14:28:53 - 1
04-08-21 14:28:53 -  
04-08-21 14:28:53 - 1
04-08-21 14:28:53 - 4
04-08-21 14:28:53 - :
04-08-21 14:28:53 - 2
04-08-21 14:28:53 - 8
04-08-21 14:28:53 - :
04-08-21 14:28:53 - 5
04-08-21 14:28:53 - 3
04-08-21 14:28:53 - 

04-08-21 14:28:53 - 

