06-08-21 17:06:50 - Executando robocopy...

06-08-21 17:06:50 - 
-------------------------------------------------------------------------------
   ROBOCOPY     ::     Robust File Copy para Windows                              
-------------------------------------------------------------------------------

  Iniciado: sexta-feira, 6 de agosto de 2021 17:06:50
   Origem : C:\A\
     Dest : C:\z\

    Arquivos: *.*
	    
  Op‡äes: *.* /S /E /DCOPY:DA /COPY:DAT /PURGE /MIR /R:1000000 /W:30 

------------------------------------------------------------------------------

	                   6	C:\A\

------------------------------------------------------------------------------

               Total   Copiada  IgnoradaIncompatibilidade     FALHA    Extras
Diret¢rios:         1         0         1         0         0         0
 Arquivos:         6         0         6         0         0         0
    Bytes:         0         0         0         0         0         0
N.§ de Vezes:   0:00:00   0:00:00                       0:00:00   0:00:00
   Finalizado em: sexta-feira, 6 de agosto de 2021 17:06:50


06-08-21 17:06:50 - Robocopy executado com sucesso!
06-08-21 17:06:50 - ###########################################################


06-08-21 17:06:50 - Executando robocopy...

06-08-21 17:06:51 - 
-------------------------------------------------------------------------------
   ROBOCOPY     ::     Robust File Copy para Windows                              
-------------------------------------------------------------------------------

  Iniciado: sexta-feira, 6 de agosto de 2021 17:06:51
   Origem : C:\A\
     Dest : C:\z\

    Arquivos: *.*
	    
  Op‡äes: *.* /S /E /DCOPY:DA /COPY:DAT /PURGE /MIR /R:1000000 /W:30 

------------------------------------------------------------------------------

	                   6	C:\A\

------------------------------------------------------------------------------

               Total   Copiada  IgnoradaIncompatibilidade     FALHA    Extras
Diret¢rios:         1         0         1         0         0         0
 Arquivos:         6         0         6         0         0         0
    Bytes:         0         0         0         0         0         0
N.§ de Vezes:   0:00:00   0:00:00                       0:00:00   0:00:00
   Finalizado em: sexta-feira, 6 de agosto de 2021 17:06:51


06-08-21 17:06:51 - Robocopy executado com sucesso!
06-08-21 17:06:51 - ###########################################################


